SF:lib/main.dart
DA:9,0
DA:10,0
DA:14,1
DA:16,0
DA:18,0
DA:19,0
DA:20,0
DA:21,0
DA:41,2
DA:43,1
DA:44,1
DA:51,3
DA:57,1
DA:58,2
DA:59,1
DA:63,1
DA:65,1
DA:66,4
DA:67,1
DA:78,1
DA:79,1
DA:80,1
DA:81,1
DA:88,1
DA:89,1
DA:91,2
DA:93,1
DA:95,2
DA:97,1
DA:99,2
DA:102,1
DA:103,1
DA:114,2
DA:119,1
DA:121,1
DA:123,1
DA:124,1
DA:126,1
DA:137,1
DA:138,1
DA:139,1
DA:140,1
DA:142,1
DA:144,1
DA:154,1
DA:155,2
DA:169,1
DA:170,2
DA:183,1
DA:185,1
DA:187,1
DA:188,0
DA:189,1
DA:190,1
DA:193,1
DA:194,1
DA:195,1
DA:206,1
DA:207,2
DA:233,1
DA:235,1
DA:237,1
DA:238,1
DA:239,2
DA:247,1
DA:249,1
DA:251,1
DA:252,1
DA:253,2
LF:69
LH:61
end_of_record
