SF:lib/main.dart
DA:5,0
DA:6,0
DA:10,2
DA:12,1
DA:14,1
DA:16,1
DA:17,1
DA:27,2
DA:29,1
DA:30,1
DA:37,3
DA:43,1
DA:44,2
DA:45,1
DA:49,1
DA:51,1
DA:52,4
DA:53,1
DA:54,1
DA:56,1
DA:57,1
DA:64,1
DA:65,1
DA:66,1
DA:67,1
DA:88,1
DA:89,1
DA:100,1
DA:105,1
DA:107,1
DA:109,1
DA:110,1
DA:112,1
DA:123,1
DA:124,1
DA:125,1
DA:126,1
DA:128,1
DA:130,1
DA:140,1
DA:143,1
DA:155,1
DA:158,1
DA:169,1
DA:171,1
DA:173,1
DA:174,0
DA:175,1
DA:176,1
DA:179,1
DA:180,1
DA:181,1
DA:192,1
DA:195,1
DA:200,1
DA:240,1
DA:242,1
DA:249,1
DA:251,1
LF:59
LH:56
end_of_record
